{"/mnt/c/Users/Chris/Projects/portfolio-react/server/index.js": {"path":"/mnt/c/Users/Chris/Projects/portfolio-react/server/index.js","statementMap":{"0":{"start":{"line":1,"column":12},"end":{"line":1,"column":26}},"1":{"start":{"line":2,"column":12},"end":{"line":2,"column":21}},"2":{"start":{"line":3,"column":15},"end":{"line":3,"column":32}},"3":{"start":{"line":4,"column":14},"end":{"line":4,"column":34}},"4":{"start":{"line":5,"column":20},"end":{"line":5,"column":42}},"5":{"start":{"line":6,"column":33},"end":{"line":6,"column":57}},"6":{"start":{"line":7,"column":17},"end":{"line":7,"column":43}},"7":{"start":{"line":8,"column":18},"end":{"line":8,"column":46}},"8":{"start":{"line":10,"column":0},"end":{"line":16,"column":4}},"9":{"start":{"line":18,"column":15},"end":{"line":18,"column":45}},"10":{"start":{"line":20,"column":0},"end":{"line":23,"column":1}}},"fnMap":{},"branchMap":{},"s":{"0":1,"1":1,"2":1,"3":1,"4":1,"5":1,"6":1,"7":1,"8":1,"9":1,"10":1},"f":{},"b":{},"_coverageSchema":"332fd63041d2c1bcb487cc26dd0d5f7d97098a6c","hash":"4d45e77e0eb3fbea4b44eca5250fe18f6262a22e"}
,"/mnt/c/Users/Chris/Projects/portfolio-react/server/resolvers/helloWorld.js": {"path":"/mnt/c/Users/Chris/Projects/portfolio-react/server/resolvers/helloWorld.js","statementMap":{"0":{"start":{"line":1,"column":19},"end":{"line":5,"column":1}},"1":{"start":{"line":3,"column":4},"end":{"line":3,"column":37}},"2":{"start":{"line":7,"column":0},"end":{"line":7,"column":27}}},"fnMap":{"0":{"name":"(anonymous_0)","decl":{"start":{"line":2,"column":12},"end":{"line":2,"column":13}},"loc":{"start":{"line":2,"column":18},"end":{"line":4,"column":3}},"line":2}},"branchMap":{},"s":{"0":1,"1":1,"2":1},"f":{"0":1},"b":{},"_coverageSchema":"332fd63041d2c1bcb487cc26dd0d5f7d97098a6c","hash":"8e134272b312077b17f9e98517d47bb1d11e7db5"}
,"/mnt/c/Users/Chris/Projects/portfolio-react/server/resolvers/index.js": {"path":"/mnt/c/Users/Chris/Projects/portfolio-react/server/resolvers/index.js","statementMap":{"0":{"start":{"line":1,"column":19},"end":{"line":1,"column":42}},"1":{"start":{"line":3,"column":21},"end":{"line":9,"column":1}},"2":{"start":{"line":11,"column":0},"end":{"line":11,"column":29}}},"fnMap":{},"branchMap":{},"s":{"0":1,"1":1,"2":1},"f":{},"b":{},"_coverageSchema":"332fd63041d2c1bcb487cc26dd0d5f7d97098a6c","hash":"fbcf682bbe27a3df08ad5a1d40edcd04f4158527"}
,"/mnt/c/Users/Chris/Projects/portfolio-react/server/schemas/helloWorld.schema.js": {"path":"/mnt/c/Users/Chris/Projects/portfolio-react/server/schemas/helloWorld.schema.js","statementMap":{"0":{"start":{"line":1,"column":0},"end":{"line":5,"column":1}}},"fnMap":{},"branchMap":{},"s":{"0":1},"f":{},"b":{},"_coverageSchema":"332fd63041d2c1bcb487cc26dd0d5f7d97098a6c","hash":"5df91f6734bc047453b27413d8be9cd12843c88b"}
,"/mnt/c/Users/Chris/Projects/portfolio-react/server/schemas/index.js": {"path":"/mnt/c/Users/Chris/Projects/portfolio-react/server/schemas/index.js","statementMap":{"0":{"start":{"line":1,"column":25},"end":{"line":1,"column":55}},"1":{"start":{"line":2,"column":20},"end":{"line":2,"column":45}},"2":{"start":{"line":4,"column":16},"end":{"line":9,"column":1}},"3":{"start":{"line":11,"column":0},"end":{"line":11,"column":24}}},"fnMap":{},"branchMap":{},"s":{"0":1,"1":1,"2":1,"3":1},"f":{},"b":{},"_coverageSchema":"332fd63041d2c1bcb487cc26dd0d5f7d97098a6c","hash":"ae49a15bc4b8393ef572a90d7663ef89b5b8d3f9"}
,"/mnt/c/Users/Chris/Projects/portfolio-react/server/schemas/query.schema.js": {"path":"/mnt/c/Users/Chris/Projects/portfolio-react/server/schemas/query.schema.js","statementMap":{"0":{"start":{"line":1,"column":0},"end":{"line":5,"column":1}}},"fnMap":{},"branchMap":{},"s":{"0":1},"f":{},"b":{},"_coverageSchema":"332fd63041d2c1bcb487cc26dd0d5f7d97098a6c","hash":"38a82edad4216a39d699b80834527008b524965d"}
}
